2024-01-20 15:20:12.242382	1374	162.159.136.234.https	192.168.38.54.51733
2024-01-20 15:20:12.242382 IP 162.159.136.234.https > 192.168.38.54.51733: Flags [.], seq 952904843:952906217, ack 3430430249, win 8, options [nop,nop,TS val 2378080810 ecr 2816381502], length 1374
2024-01-20 15:20:12.242386	276	162.159.136.234.https	192.168.38.54.51733
2024-01-20 15:20:12.242386 IP 162.159.136.234.https > 192.168.38.54.51733: Flags [P.], seq 1374:1650, ack 1, win 8, options [nop,nop,TS val 2378080810 ecr 2816381502], length 276
2024-01-20 15:20:12.242556	0	192.168.38.54.51733	162.159.136.234.https
2024-01-20 15:20:12.242556 IP 192.168.38.54.51733 > 162.159.136.234.https: Flags [.], ack 1650, win 2022, options [nop,nop,TS val 2816383083 ecr 2378080810], length 0
2024-01-20 15:20:12.244448	0	192.168.38.54.52266	10.110.10.196.afs3-fileserver
2024-01-20 15:20:12.244448 IP 192.168.38.54.52266 > 10.110.10.196.afs3-fileserver: Flags [S], seq 3924854996, win 65535, options [mss 1460,nop,wscale 6,nop,nop,TS val 49041211 ecr 0,sackOK,eol], length 0
2024-01-20 15:20:12.290737	0	server-54-192-150-76.sin2.r.cloudfront.net.https	192.168.38.54.52142
2024-01-20 15:20:12.290737 IP server-54-192-150-76.sin2.r.cloudfront.net.https > 192.168.38.54.52142: Flags [.], ack 1653176634, win 1011, options [nop,nop,TS val 1290731514 ecr 1859897465,nop,nop,sack 2 {4294952605:4294953793}{501:9069}], length 0
2024-01-20 15:20:12.290738	0	server-54-192-150-76.sin2.r.cloudfront.net.https	192.168.38.54.52142
2024-01-20 15:20:12.290738 IP server-54-192-150-76.sin2.r.cloudfront.net.https > 192.168.38.54.52142: Flags [.], ack 1, win 1011, options [nop,nop,TS val 1290731514 ecr 1859897465,nop,nop,sack 2 {4294963297:4294964485}{501:9069}], length 0
2024-01-20 15:20:12.290739	0	server-54-192-150-76.sin2.r.cloudfront.net.https	192.168.38.54.52142
2024-01-20 15:20:12.290739 IP server-54-192-150-76.sin2.r.cloudfront.net.https > 192.168.38.54.52142: Flags [.], ack 1, win 1011, options [nop,nop,TS val 1290731514 ecr 1859897465,nop,nop,sack 2 {4294963797:4294964297}{501:9069}], length 0
2024-01-20 15:20:12.375070	0	10.110.10.196.afs3-fileserver	192.168.38.54.52266
2024-01-20 15:20:12.375070 IP 10.110.10.196.afs3-fileserver > 192.168.38.54.52266: Flags [S.], seq 2097635094, ack 3924854997, win 65535, options [mss 1386,nop,wscale 6,nop,nop,TS val 3055705497 ecr 49041211,sackOK,eol], length 0
2024-01-20 15:20:12.375345	0	192.168.38.54.52266	10.110.10.196.afs3-fileserver
2024-01-20 15:20:12.375345 IP 192.168.38.54.52266 > 10.110.10.196.afs3-fileserver: Flags [.], ack 1, win 2061, options [nop,nop,TS val 49041342 ecr 3055705497], length 0
2024-01-20 15:20:12.375798	41	192.168.38.54.52266	10.110.10.196.afs3-fileserver
2024-01-20 15:20:12.375798 IP 192.168.38.54.52266 > 10.110.10.196.afs3-fileserver: Flags [P.], seq 1:42, ack 1, win 2061, options [nop,nop,TS val 49041342 ecr 3055705497], length 41
2024-01-20 15:20:12.390548	500	192.168.38.54.52142	server-54-192-150-76.sin2.r.cloudfront.net.https
2024-01-20 15:20:12.390548 IP 192.168.38.54.52142 > server-54-192-150-76.sin2.r.cloudfront.net.https: Flags [.], seq 1:501, ack 0, win 65, options [nop,nop,TS val 1859901588 ecr 1290731514], length 500
2024-01-20 15:20:12.390697	1188	192.168.38.54.52142	server-54-192-150-76.sin2.r.cloudfront.net.https
2024-01-20 15:20:12.390697 IP 192.168.38.54.52142 > server-54-192-150-76.sin2.r.cloudfront.net.https: Flags [.], seq 9069:10257, ack 0, win 65, options [nop,nop,TS val 1859901588 ecr 1290731514], length 1188
2024-01-20 15:20:12.426843	0	10.110.10.196.afs3-fileserver	192.168.38.54.52266
2024-01-20 15:20:12.426843 IP 10.110.10.196.afs3-fileserver > 192.168.38.54.52266: Flags [.], ack 42, win 2060, options [nop,nop,TS val 3055705548 ecr 49041342], length 0
2024-01-20 15:20:12.549795	385	10.110.10.196.afs3-fileserver	192.168.38.54.52266
2024-01-20 15:20:12.549795 IP 10.110.10.196.afs3-fileserver > 192.168.38.54.52266: Flags [P.], seq 1375:1760, ack 42, win 2060, options [nop,nop,TS val 3055705576 ecr 49041342], length 385
2024-01-20 15:20:12.549802	1374	10.110.10.196.afs3-fileserver	192.168.38.54.52266
2024-01-20 15:20:12.549802 IP 10.110.10.196.afs3-fileserver > 192.168.38.54.52266: Flags [.], seq 1:1375, ack 42, win 2060, options [nop,nop,TS val 3055705576 ecr 49041342], length 1374
2024-01-20 15:20:12.549806	0	server-54-192-150-76.sin2.r.cloudfront.net.https	192.168.38.54.52142
2024-01-20 15:20:12.549806 IP server-54-192-150-76.sin2.r.cloudfront.net.https > 192.168.38.54.52142: Flags [.], ack 1, win 1011, options [nop,nop,TS val 1290731699 ecr 1859897465,nop,nop,sack 2 {4294916965:4294918153}{501:9069}], length 0
2024-01-20 15:20:12.550084	0	192.168.38.54.52266	10.110.10.196.afs3-fileserver
2024-01-20 15:20:12.550084 IP 192.168.38.54.52266 > 10.110.10.196.afs3-fileserver: Flags [.], ack 1, win 2061, options [nop,nop,TS val 49041516 ecr 3055705548,nop,nop,sack 1 {1375:1760}], length 0
2024-01-20 15:20:12.550161	0	192.168.38.54.52266	10.110.10.196.afs3-fileserver
2024-01-20 15:20:12.550161 IP 192.168.38.54.52266 > 10.110.10.196.afs3-fileserver: Flags [.], ack 1760, win 2033, options [nop,nop,TS val 49041516 ecr 3055705576], length 0
2024-01-20 15:20:12.550215	1188	192.168.38.54.52142	server-54-192-150-76.sin2.r.cloudfront.net.https
2024-01-20 15:20:12.550215 IP 192.168.38.54.52142 > server-54-192-150-76.sin2.r.cloudfront.net.https: Flags [.], seq 10257:11445, ack 0, win 65, options [nop,nop,TS val 1859901747 ecr 1290731699], length 1188
2024-01-20 15:20:12.550233	1188	192.168.38.54.52142	server-54-192-150-76.sin2.r.cloudfront.net.https
2024-01-20 15:20:12.550233 IP 192.168.38.54.52142 > server-54-192-150-76.sin2.r.cloudfront.net.https: Flags [.], seq 11445:12633, ack 0, win 65, options [nop,nop,TS val 1859901747 ecr 1290731699], length 1188
2024-01-20 15:20:12.550248	1188	192.168.38.54.52142	server-54-192-150-76.sin2.r.cloudfront.net.https
2024-01-20 15:20:12.550248 IP 192.168.38.54.52142 > server-54-192-150-76.sin2.r.cloudfront.net.https: Flags [.], seq 12633:13821, ack 0, win 65, options [nop,nop,TS val 1859901747 ecr 1290731699], length 1188
2024-01-20 15:20:12.550781	0	192.168.38.54.52266	10.110.10.196.afs3-fileserver
2024-01-20 15:20:12.550781 IP 192.168.38.54.52266 > 10.110.10.196.afs3-fileserver: Flags [F.], seq 42, ack 1760, win 2048, options [nop,nop,TS val 49041516 ecr 3055705576], length 0
2024-01-20 15:20:12.550957	0	server-54-192-150-76.sin2.r.cloudfront.net.https	192.168.38.54.52142
2024-01-20 15:20:12.550957 IP server-54-192-150-76.sin2.r.cloudfront.net.https > 192.168.38.54.52142: Flags [.], ack 1, win 1011, options [nop,nop,TS val 1290731699 ecr 1859897465,nop,nop,sack 2 {4294957357:4294958545}{501:9069}], length 0
2024-01-20 15:20:12.550960	0	server-54-192-150-76.sin2.r.cloudfront.net.https	192.168.38.54.52142
2024-01-20 15:20:12.550960 IP server-54-192-150-76.sin2.r.cloudfront.net.https > 192.168.38.54.52142: Flags [.], ack 1, win 1011, options [nop,nop,TS val 1290731699 ecr 1859897465,nop,nop,sack 1 {501:9069}], length 0
2024-01-20 15:20:12.550961	0	server-54-192-150-76.sin2.r.cloudfront.net.https	192.168.38.54.52142
2024-01-20 15:20:12.550961 IP server-54-192-150-76.sin2.r.cloudfront.net.https > 192.168.38.54.52142: Flags [.], ack 1, win 1011, options [nop,nop,TS val 1290731699 ecr 1859897465,nop,nop,sack 1 {501:10257}], length 0
2024-01-20 15:20:12.550962	0	162.159.136.234.https	192.168.38.54.51733
2024-01-20 15:20:12.550962 IP 162.159.136.234.https > 192.168.38.54.51733: Flags [.], ack 1, win 8, options [nop,nop,TS val 2378081018 ecr 2816381502], length 0
2024-01-20 15:20:12.551011	1188	192.168.38.54.52142	server-54-192-150-76.sin2.r.cloudfront.net.https
2024-01-20 15:20:12.551011 IP 192.168.38.54.52142 > server-54-192-150-76.sin2.r.cloudfront.net.https: Flags [.], seq 13821:15009, ack 0, win 65, options [nop,nop,TS val 1859901748 ecr 1290731699], length 1188
2024-01-20 15:20:12.609826	276	162.159.136.234.https	192.168.38.54.51733
2024-01-20 15:20:12.609826 IP 162.159.136.234.https > 192.168.38.54.51733: Flags [P.], seq 1374:1650, ack 1, win 8, options [nop,nop,TS val 2378081091 ecr 2816381502], length 276
2024-01-20 15:20:12.610177	0	192.168.38.54.51733	162.159.136.234.https
2024-01-20 15:20:12.610177 IP 192.168.38.54.51733 > 162.159.136.234.https: Flags [.], ack 1650, win 2048, options [nop,nop,TS val 2816383450 ecr 2378081091,nop,nop,sack 1 {1374:1650}], length 0
2024-01-20 15:20:12.614871	0	192.168.38.54.52259	172.31.74.114.afs3-fileserver
2024-01-20 15:20:12.614871 IP 192.168.38.54.52259 > 172.31.74.114.afs3-fileserver: Flags [S], seq 3351807830, win 65535, options [mss 1460,nop,wscale 6,nop,nop,TS val 1103380438 ecr 0,sackOK,eol], length 0
2024-01-20 15:20:12.753949	0	server-54-192-150-76.sin2.r.cloudfront.net.https	192.168.38.54.52142
2024-01-20 15:20:12.753949 IP server-54-192-150-76.sin2.r.cloudfront.net.https > 192.168.38.54.52142: Flags [.], ack 1, win 1011, options [nop,nop,TS val 1290731978 ecr 1859897465,nop,nop,sack 1 {501:11445}], length 0
2024-01-20 15:20:12.753958	0	server-54-192-150-76.sin2.r.cloudfront.net.https	192.168.38.54.52142
2024-01-20 15:20:12.753958 IP server-54-192-150-76.sin2.r.cloudfront.net.https > 192.168.38.54.52142: Flags [.], ack 1, win 1011, options [nop,nop,TS val 1290731991 ecr 1859897465,nop,nop,sack 2 {12633:13821}{501:11445}], length 0
2024-01-20 15:20:12.754384	1188	192.168.38.54.52142	server-54-192-150-76.sin2.r.cloudfront.net.https
2024-01-20 15:20:12.754384 IP 192.168.38.54.52142 > server-54-192-150-76.sin2.r.cloudfront.net.https: Flags [.], seq 15009:16197, ack 0, win 65, options [nop,nop,TS val 1859901952 ecr 1290731978], length 1188
2024-01-20 15:20:12.754391	500	192.168.38.54.52142	server-54-192-150-76.sin2.r.cloudfront.net.https
2024-01-20 15:20:12.754391 IP 192.168.38.54.52142 > server-54-192-150-76.sin2.r.cloudfront.net.https: Flags [.], seq 1:501, ack 0, win 65, options [nop,nop,TS val 1859901952 ecr 1290731991], length 500
2024-01-20 15:20:12.754401	1188	192.168.38.54.52142	server-54-192-150-76.sin2.r.cloudfront.net.https
2024-01-20 15:20:12.754401 IP 192.168.38.54.52142 > server-54-192-150-76.sin2.r.cloudfront.net.https: Flags [.], seq 11445:12633, ack 0, win 65, options [nop,nop,TS val 1859901952 ecr 1290731991], length 1188
2024-01-20 15:20:12.844583	0	server-54-192-150-76.sin2.r.cloudfront.net.https	192.168.38.54.52142
2024-01-20 15:20:12.844583 IP server-54-192-150-76.sin2.r.cloudfront.net.https > 192.168.38.54.52142: Flags [.], ack 1, win 1011, options [nop,nop,TS val 1290732090 ecr 1859897465,nop,nop,sack 1 {501:13821}], length 0
2024-01-20 15:20:12.844839	1188	192.168.38.54.52142	server-54-192-150-76.sin2.r.cloudfront.net.https
2024-01-20 15:20:12.844839 IP 192.168.38.54.52142 > server-54-192-150-76.sin2.r.cloudfront.net.https: Flags [.], seq 16197:17385, ack 0, win 65, options [nop,nop,TS val 1859901952 ecr 1290731991], length 1188
2024-01-20 15:20:12.844848	1188	192.168.38.54.52142	server-54-192-150-76.sin2.r.cloudfront.net.https
2024-01-20 15:20:12.844848 IP 192.168.38.54.52142 > server-54-192-150-76.sin2.r.cloudfront.net.https: Flags [.], seq 17385:18573, ack 0, win 65, options [nop,nop,TS val 1859902042 ecr 1290732090], length 1188
2024-01-20 15:20:12.894419	1374	10.110.10.196.afs3-fileserver	192.168.38.54.52266
2024-01-20 15:20:12.894419 IP 10.110.10.196.afs3-fileserver > 192.168.38.54.52266: Flags [P.], seq 386:1760, ack 42, win 2060, options [nop,nop,TS val 3055705681 ecr 49041342], length 1374
2024-01-20 15:20:12.894693	0	192.168.38.54.52266	10.110.10.196.afs3-fileserver
2024-01-20 15:20:12.894693 IP 192.168.38.54.52266 > 10.110.10.196.afs3-fileserver: Flags [F.], seq 42, ack 1760, win 2048, options [nop,nop,TS val 49041861 ecr 3055705681,nop,nop,sack 1 {386:1760}], length 0
2024-01-20 15:20:12.901986	0	server-54-192-150-76.sin2.r.cloudfront.net.https	192.168.38.54.52142
2024-01-20 15:20:12.901986 IP server-54-192-150-76.sin2.r.cloudfront.net.https > 192.168.38.54.52142: Flags [.], ack 1, win 1011, options [nop,nop,TS val 1290732147 ecr 1859897465,nop,nop,sack 2 {17385:18573}{501:13821}], length 0
2024-01-20 15:20:12.902243	1188	192.168.38.54.52142	server-54-192-150-76.sin2.r.cloudfront.net.https
2024-01-20 15:20:12.902243 IP 192.168.38.54.52142 > server-54-192-150-76.sin2.r.cloudfront.net.https: Flags [.], seq 13821:15009, ack 0, win 65, options [nop,nop,TS val 1859902100 ecr 1290732147], length 1188
2024-01-20 15:20:12.902319	1188	192.168.38.54.52142	server-54-192-150-76.sin2.r.cloudfront.net.https
2024-01-20 15:20:12.902319 IP 192.168.38.54.52142 > server-54-192-150-76.sin2.r.cloudfront.net.https: Flags [.], seq 15009:16197, ack 0, win 65, options [nop,nop,TS val 1859902100 ecr 1290732147], length 1188
2024-01-20 15:20:12.902388	1188	192.168.38.54.52142	server-54-192-150-76.sin2.r.cloudfront.net.https
2024-01-20 15:20:12.902388 IP 192.168.38.54.52142 > server-54-192-150-76.sin2.r.cloudfront.net.https: Flags [.], seq 18573:19761, ack 0, win 65, options [nop,nop,TS val 1859902100 ecr 1290732147], length 1188
2024-01-20 15:20:12.903582	1374	10.110.10.196.afs3-fileserver	192.168.38.54.52266
2024-01-20 15:20:12.903582 IP 10.110.10.196.afs3-fileserver > 192.168.38.54.52266: Flags [.], seq 1:1375, ack 42, win 2060, options [nop,nop,TS val 3055706035 ecr 49041342], length 1374
2024-01-20 15:20:12.903644	0	192.168.38.54.52266	10.110.10.196.afs3-fileserver
2024-01-20 15:20:12.903644 IP 192.168.38.54.52266 > 10.110.10.196.afs3-fileserver: Flags [F.], seq 42, ack 1760, win 2048, options [nop,nop,TS val 49041870 ecr 3055705681,nop,nop,sack 1 {1:1375}], length 0
2024-01-20 15:20:12.933645	0	server-54-192-150-76.sin2.r.cloudfront.net.https	192.168.38.54.52142
2024-01-20 15:20:12.933645 IP server-54-192-150-76.sin2.r.cloudfront.net.https > 192.168.38.54.52142: Flags [.], ack 1, win 1011, options [nop,nop,TS val 1290732175 ecr 1859897465,nop,nop,sack 3 {4294960921:4294962109}{17385:18573}{501:13821}], length 0
2024-01-20 15:20:12.933651	0	server-54-192-150-76.sin2.r.cloudfront.net.https	192.168.38.54.52142
2024-01-20 15:20:12.933651 IP server-54-192-150-76.sin2.r.cloudfront.net.https > 192.168.38.54.52142: Flags [.], ack 1, win 1011, options [nop,nop,TS val 1290732175 ecr 1859897465,nop,nop,sack 3 {2001:2501}{501:13821}{17385:18573}], length 0
2024-01-20 15:20:12.933652	0	10.110.10.196.afs3-fileserver	192.168.38.54.52266
2024-01-20 15:20:12.933652 IP 10.110.10.196.afs3-fileserver > 192.168.38.54.52266: Flags [.], ack 43, win 2060, options [nop,nop,TS val 3055706052 ecr 49041870], length 0
2024-01-20 15:20:12.933653	0	10.110.10.196.afs3-fileserver	192.168.38.54.52266
2024-01-20 15:20:12.933653 IP 10.110.10.196.afs3-fileserver > 192.168.38.54.52266: Flags [F.], seq 1760, ack 43, win 2060, options [nop,nop,TS val 3055706052 ecr 49041870], length 0
2024-01-20 15:20:12.934103	0	192.168.38.54.52266	10.110.10.196.afs3-fileserver
2024-01-20 15:20:12.934103 IP 192.168.38.54.52266 > 10.110.10.196.afs3-fileserver: Flags [.], ack 1761, win 2048, options [nop,nop,TS val 49041900 ecr 3055706052], length 0
2024-01-20 15:20:12.951179	0	192.168.38.54.52260	172.31.88.245.afs3-fileserver
2024-01-20 15:20:12.951179 IP 192.168.38.54.52260 > 172.31.88.245.afs3-fileserver: Flags [S], seq 3119544583, win 65535, options [mss 1460,nop,wscale 6,nop,nop,TS val 299860263 ecr 0,sackOK,eol], length 0
2024-01-20 15:20:12.955998	0	server-54-192-150-76.sin2.r.cloudfront.net.https	192.168.38.54.52142
2024-01-20 15:20:12.955998 IP server-54-192-150-76.sin2.r.cloudfront.net.https > 192.168.38.54.52142: Flags [.], ack 1, win 1011, options [nop,nop,TS val 1290732207 ecr 1859897465,nop,nop,sack 3 {4294962109:4294963297}{501:13821}{17385:18573}], length 0
2024-01-20 15:20:12.956002	0	server-54-192-150-76.sin2.r.cloudfront.net.https	192.168.38.54.52142
2024-01-20 15:20:12.956002 IP server-54-192-150-76.sin2.r.cloudfront.net.https > 192.168.38.54.52142: Flags [.], ack 1, win 1011, options [nop,nop,TS val 1290732207 ecr 1859897465,nop,nop,sack 3 {2501:3001}{501:13821}{17385:18573}], length 0
2024-01-20 15:20:13.008770	0	server-54-192-150-76.sin2.r.cloudfront.net.https	192.168.38.54.52142
2024-01-20 15:20:13.008770 IP server-54-192-150-76.sin2.r.cloudfront.net.https > 192.168.38.54.52142: Flags [.], ack 1, win 1011, options [nop,nop,TS val 1290732230 ecr 1859897465,nop,nop,sack 3 {4294963297:4294964485}{501:13821}{17385:18573}], length 0
2024-01-20 15:20:13.008776	0	server-54-192-150-76.sin2.r.cloudfront.net.https	192.168.38.54.52142
2024-01-20 15:20:13.008776 IP server-54-192-150-76.sin2.r.cloudfront.net.https > 192.168.38.54.52142: Flags [.], ack 1, win 1011, options [nop,nop,TS val 1290732230 ecr 1859897465,nop,nop,sack 3 {3001:3129}{501:13821}{17385:18573}], length 0
2024-01-20 15:20:13.009895	40	192.168.38.183.57621	192.168.38.255.57621
2024-01-20 15:20:13.009895 IP 192.168.38.183.57621 > 192.168.38.255.57621: UDP, length 40
2024-01-20 15:20:13.009996	0	server-54-192-150-76.sin2.r.cloudfront.net.https	192.168.38.54.52142
2024-01-20 15:20:13.009996 IP server-54-192-150-76.sin2.r.cloudfront.net.https > 192.168.38.54.52142: Flags [.], ack 1, win 1011, options [nop,nop,TS val 1290732246 ecr 1859897465,nop,nop,sack 3 {4294963297:4294963797}{501:13821}{17385:18573}], length 0
2024-01-20 15:20:13.031533	0	192.168.38.54.52263	172.31.7.190.afs3-fileserver
2024-01-20 15:20:13.031533 IP 192.168.38.54.52263 > 172.31.7.190.afs3-fileserver: Flags [S], seq 1522648730, win 65535, options [mss 1460,nop,wscale 6,nop,nop,TS val 797714105 ecr 0,sackOK,eol], length 0
2024-01-20 15:20:13.059162	0	server-54-192-150-76.sin2.r.cloudfront.net.https	192.168.38.54.52142
2024-01-20 15:20:13.059162 IP server-54-192-150-76.sin2.r.cloudfront.net.https > 192.168.38.54.52142: Flags [.], ack 1, win 1011, options [nop,nop,TS val 1290732303 ecr 1859897465,nop,nop,sack 3 {4294963797:4294964297}{501:13821}{17385:18573}], length 0
2024-01-20 15:20:13.059168	0	server-54-192-150-76.sin2.r.cloudfront.net.https	192.168.38.54.52142
2024-01-20 15:20:13.059168 IP server-54-192-150-76.sin2.r.cloudfront.net.https > 192.168.38.54.52142: Flags [.], ack 1, win 1011, options [nop,nop,TS val 1290732303 ecr 1859897465,nop,nop,sack 3 {4294965673:4294966861}{501:13821}{17385:18573}], length 0
2024-01-20 15:20:13.060682	0	server-54-192-150-76.sin2.r.cloudfront.net.https	192.168.38.54.52142
2024-01-20 15:20:13.060682 IP server-54-192-150-76.sin2.r.cloudfront.net.https > 192.168.38.54.52142: Flags [.], ack 1, win 1011, options [nop,nop,TS val 1290732303 ecr 1859897465,nop,nop,sack 3 {4294962109:4294963297}{501:13821}{17385:18573}], length 0
2024-01-20 15:20:13.072448	0	192.168.38.54.52212	20.189.172.33.https
2024-01-20 15:20:13.072448 IP 192.168.38.54.52212 > 20.189.172.33.https: Flags [.], ack 1280598628, win 2048, length 0
2024-01-20 15:20:13.216787	0	192.168.38.54.52265	172.31.203.95.afs3-fileserver
2024-01-20 15:20:13.216787 IP 192.168.38.54.52265 > 172.31.203.95.afs3-fileserver: Flags [S], seq 2894742004, win 65535, options [mss 1460,nop,wscale 6,nop,nop,TS val 2897163901 ecr 0,sackOK,eol], length 0
2024-01-20 15:20:13.281395	0	10.110.144.231.afs3-fileserver	192.168.38.54.52256
2024-01-20 15:20:13.281395 IP 10.110.144.231.afs3-fileserver > 192.168.38.54.52256: Flags [S.], seq 4068065898, ack 1992138522, win 65535, options [mss 1386,nop,wscale 6,nop,nop,TS val 2943353954 ecr 344067943,sackOK,eol], length 0
2024-01-20 15:20:13.281399	1374	162.159.136.234.https	192.168.38.54.51733
2024-01-20 15:20:13.281399 IP 162.159.136.234.https > 192.168.38.54.51733: Flags [.], seq 0:1374, ack 1, win 8, options [nop,nop,TS val 2378081795 ecr 2816381502], length 1374
2024-01-20 15:20:13.281401	0	20.189.172.33.https	192.168.38.54.52212
2024-01-20 15:20:13.281401 IP 20.189.172.33.https > 192.168.38.54.52212: Flags [.], ack 1, win 16381, options [nop,nop,TS val 255379048 ecr 2233350035], length 0
2024-01-20 15:20:13.281612	0	192.168.38.54.51733	162.159.136.234.https
2024-01-20 15:20:13.281612 IP 192.168.38.54.51733 > 162.159.136.234.https: Flags [.], ack 1650, win 2048, options [nop,nop,TS val 2816384122 ecr 2378081091,nop,nop,sack 1 {0:1374}], length 0
2024-01-20 15:20:13.328196	0	server-54-192-150-76.sin2.r.cloudfront.net.https	192.168.38.54.52142
2024-01-20 15:20:13.328196 IP server-54-192-150-76.sin2.r.cloudfront.net.https > 192.168.38.54.52142: Flags [.], ack 1, win 1011, options [nop,nop,TS val 1290732563 ecr 1859897465,nop,nop,sack 2 {501:13821}{17385:18573}], length 0
2024-01-20 15:20:13.328201	0	server-54-192-150-76.sin2.r.cloudfront.net.https	192.168.38.54.52142
2024-01-20 15:20:13.328201 IP server-54-192-150-76.sin2.r.cloudfront.net.https > 192.168.38.54.52142: Flags [.], ack 1, win 1011, options [nop,nop,TS val 1290732563 ecr 1859897465,nop,nop,sack 3 {4294965297:4294965797}{501:13821}{17385:18573}], length 0
2024-01-20 15:20:13.616214	0	192.168.38.54.52259	172.31.74.114.afs3-fileserver
2024-01-20 15:20:13.616214 IP 192.168.38.54.52259 > 172.31.74.114.afs3-fileserver: Flags [S], seq 3351807830, win 65535, options [mss 1460,nop,wscale 6,nop,nop,TS val 1103381439 ecr 0,sackOK,eol], length 0
2024-01-20 15:20:13.757229	28	Request	192.168.38.5
2024-01-20 15:20:13.757229 ARP, Request who-has 192.168.38.54 tell 192.168.38.183, length 28
2024-01-20 15:20:13.757517	28	Reply	is-a
2024-01-20 15:20:13.757517 ARP, Reply 192.168.38.54 is-at f0:2f:4b:07:38:8d (oui Unknown), length 28
2024-01-20 15:20:13.806821	0	server-54-192-150-76.sin2.r.cloudfront.net.https	192.168.38.54.52142
2024-01-20 15:20:13.806821 IP server-54-192-150-76.sin2.r.cloudfront.net.https > 192.168.38.54.52142: Flags [.], ack 1, win 1011, options [nop,nop,TS val 1290733041 ecr 1859897465,nop,nop,sack 3 {4294960921:4294962109}{501:13821}{17385:18573}], length 0
2024-01-20 15:20:13.806827	0	server-54-192-150-76.sin2.r.cloudfront.net.https	192.168.38.54.52142
2024-01-20 15:20:13.806827 IP server-54-192-150-76.sin2.r.cloudfront.net.https > 192.168.38.54.52142: Flags [.], ack 1, win 1011, options [nop,nop,TS val 1290733041 ecr 1859897465,nop,nop,sack 2 {501:13821}{17385:18573}], length 0
2024-01-20 15:20:13.806829	0	server-54-192-150-76.sin2.r.cloudfront.net.https	192.168.38.54.52142
2024-01-20 15:20:13.806829 IP server-54-192-150-76.sin2.r.cloudfront.net.https > 192.168.38.54.52142: Flags [.], ack 1, win 1011, options [nop,nop,TS val 1290733041 ecr 1859897465,nop,nop,sack 3 {4294965797:4294966297}{501:13821}{17385:18573}], length 0
2024-01-20 15:20:13.806830	0	server-54-192-150-76.sin2.r.cloudfront.net.https	192.168.38.54.52142
2024-01-20 15:20:13.806830 IP server-54-192-150-76.sin2.r.cloudfront.net.https > 192.168.38.54.52142: Flags [.], ack 13821, win 998, options [nop,nop,TS val 1290733051 ecr 1859899343,nop,nop,sack 1 {17385:18573}], length 0
2024-01-20 15:20:13.806831	35	server-54-192-150-76.sin2.r.cloudfront.net.https	192.168.38.54.52142
2024-01-20 15:20:13.806831 IP server-54-192-150-76.sin2.r.cloudfront.net.https > 192.168.38.54.52142: Flags [P.], seq 0:35, ack 13821, win 1022, options [nop,nop,TS val 1290733052 ecr 1859899343,nop,nop,sack 1 {17385:18573}], length 35
2024-01-20 15:20:13.806833	0	server-54-192-150-76.sin2.r.cloudfront.net.https	192.168.38.54.52142
2024-01-20 15:20:13.806833 IP server-54-192-150-76.sin2.r.cloudfront.net.https > 192.168.38.54.52142: Flags [.], ack 13821, win 1022, options [nop,nop,TS val 1290733060 ecr 1859899343,nop,nop,sack 2 {501:1001}{17385:18573}], length 0
2024-01-20 15:20:13.806834	0	server-54-192-150-76.sin2.r.cloudfront.net.https	192.168.38.54.52142
2024-01-20 15:20:13.806834 IP server-54-192-150-76.sin2.r.cloudfront.net.https > 192.168.38.54.52142: Flags [.], ack 13821, win 1022, options [nop,nop,TS val 1290733060 ecr 1859899343,nop,nop,sack 2 {1001:1501}{17385:18573}], length 0
2024-01-20 15:20:13.806835	0	server-54-192-150-76.sin2.r.cloudfront.net.https	192.168.38.54.52142
2024-01-20 15:20:13.806835 IP server-54-192-150-76.sin2.r.cloudfront.net.https > 192.168.38.54.52142: Flags [.], ack 13821, win 1022, options [nop,nop,TS val 1290733061 ecr 1859899343,nop,nop,sack 2 {1501:2001}{17385:18573}], length 0
2024-01-20 15:20:13.807180	1188	192.168.38.54.52142	server-54-192-150-76.sin2.r.cloudfront.net.https
2024-01-20 15:20:13.807180 IP 192.168.38.54.52142 > server-54-192-150-76.sin2.r.cloudfront.net.https: Flags [.], seq 19761:20949, ack 0, win 65, options [nop,nop,TS val 1859903004 ecr 1290733051], length 1188
2024-01-20 15:20:13.807235	1188	192.168.38.54.52142	server-54-192-150-76.sin2.r.cloudfront.net.https
2024-01-20 15:20:13.807235 IP 192.168.38.54.52142 > server-54-192-150-76.sin2.r.cloudfront.net.https: Flags [.], seq 20949:22137, ack 0, win 65, options [nop,nop,TS val 1859903004 ecr 1290733051], length 1188
2024-01-20 15:20:13.807256	1188	192.168.38.54.52142	server-54-192-150-76.sin2.r.cloudfront.net.https
2024-01-20 15:20:13.807256 IP 192.168.38.54.52142 > server-54-192-150-76.sin2.r.cloudfront.net.https: Flags [.], seq 22137:23325, ack 0, win 65, options [nop,nop,TS val 1859903004 ecr 1290733051], length 1188
2024-01-20 15:20:13.807277	1188	192.168.38.54.52142	server-54-192-150-76.sin2.r.cloudfront.net.https
2024-01-20 15:20:13.807277 IP 192.168.38.54.52142 > server-54-192-150-76.sin2.r.cloudfront.net.https: Flags [.], seq 23325:24513, ack 0, win 65, options [nop,nop,TS val 1859903004 ecr 1290733051], length 1188
2024-01-20 15:20:13.807297	1188	192.168.38.54.52142	server-54-192-150-76.sin2.r.cloudfront.net.https
2024-01-20 15:20:13.807297 IP 192.168.38.54.52142 > server-54-192-150-76.sin2.r.cloudfront.net.https: Flags [.], seq 24513:25701, ack 0, win 65, options [nop,nop,TS val 1859903004 ecr 1290733051], length 1188
2024-01-20 15:20:13.807319	1188	192.168.38.54.52142	server-54-192-150-76.sin2.r.cloudfront.net.https
2024-01-20 15:20:13.807319 IP 192.168.38.54.52142 > server-54-192-150-76.sin2.r.cloudfront.net.https: Flags [.], seq 25701:26889, ack 0, win 65, options [nop,nop,TS val 1859903004 ecr 1290733051], length 1188
2024-01-20 15:20:13.807333	1188	192.168.38.54.52142	server-54-192-150-76.sin2.r.cloudfront.net.https
2024-01-20 15:20:13.807333 IP 192.168.38.54.52142 > server-54-192-150-76.sin2.r.cloudfront.net.https: Flags [.], seq 26889:28077, ack 0, win 65, options [nop,nop,TS val 1859903004 ecr 1290733051], length 1188
2024-01-20 15:20:13.807354	1188	192.168.38.54.52142	server-54-192-150-76.sin2.r.cloudfront.net.https
2024-01-20 15:20:13.807354 IP 192.168.38.54.52142 > server-54-192-150-76.sin2.r.cloudfront.net.https: Flags [.], seq 28077:29265, ack 0, win 65, options [nop,nop,TS val 1859903004 ecr 1290733051], length 1188
2024-01-20 15:20:13.807375	1188	192.168.38.54.52142	server-54-192-150-76.sin2.r.cloudfront.net.https
2024-01-20 15:20:13.807375 IP 192.168.38.54.52142 > server-54-192-150-76.sin2.r.cloudfront.net.https: Flags [.], seq 29265:30453, ack 0, win 65, options [nop,nop,TS val 1859903004 ecr 1290733051], length 1188
2024-01-20 15:20:13.807395	1188	192.168.38.54.52142	server-54-192-150-76.sin2.r.cloudfront.net.https
2024-01-20 15:20:13.807395 IP 192.168.38.54.52142 > server-54-192-150-76.sin2.r.cloudfront.net.https: Flags [.], seq 30453:31641, ack 0, win 65, options [nop,nop,TS val 1859903004 ecr 1290733051], length 1188
2024-01-20 15:20:13.807416	1188	192.168.38.54.52142	server-54-192-150-76.sin2.r.cloudfront.net.https
2024-01-20 15:20:13.807416 IP 192.168.38.54.52142 > server-54-192-150-76.sin2.r.cloudfront.net.https: Flags [.], seq 31641:32829, ack 0, win 65, options [nop,nop,TS val 1859903004 ecr 1290733051], length 1188
2024-01-20 15:20:13.807464	876	192.168.38.54.52142	server-54-192-150-76.sin2.r.cloudfront.net.https
2024-01-20 15:20:13.807464 IP 192.168.38.54.52142 > server-54-192-150-76.sin2.r.cloudfront.net.https: Flags [.], seq 32829:33705, ack 35, win 65, options [nop,nop,TS val 1859903004 ecr 1290733052], length 876
2024-01-20 15:20:13.809722	0	192.168.38.54.52255	172.31.44.128.afs3-fileserver
2024-01-20 15:20:13.809722 IP 192.168.38.54.52255 > 172.31.44.128.afs3-fileserver: Flags [S], seq 1784204678, win 65535, options [mss 1460,nop,wscale 6,nop,nop,TS val 3611717610 ecr 0,sackOK,eol], length 0
2024-01-20 15:20:13.815947	0	10.110.222.155.afs3-fileserver	192.168.38.54.52252
2024-01-20 15:20:13.815947 IP 10.110.222.155.afs3-fileserver > 192.168.38.54.52252: Flags [.], ack 2690531483, win 2060, options [nop,nop,TS val 2765070036 ecr 287219597], length 0
2024-01-20 15:20:13.815952	0	10.110.222.155.afs3-fileserver	192.168.38.54.52252
2024-01-20 15:20:13.815952 IP 10.110.222.155.afs3-fileserver > 192.168.38.54.52252: Flags [F.], seq 0, ack 1, win 2060, options [nop,nop,TS val 2765070036 ecr 287219597], length 0
2024-01-20 15:20:13.816397	0	192.168.38.54.52252	10.110.222.155.afs3-fileserver
2024-01-20 15:20:13.816397 IP 192.168.38.54.52252 > 10.110.222.155.afs3-fileserver: Flags [.], ack 1, win 2048, options [nop,nop,TS val 287223216 ecr 2765070036], length 0
2024-01-20 15:20:13.869686	0	server-54-192-150-76.sin2.r.cloudfront.net.https	192.168.38.54.52142
2024-01-20 15:20:13.869686 IP server-54-192-150-76.sin2.r.cloudfront.net.https > 192.168.38.54.52142: Flags [.], ack 13821, win 1022, options [nop,nop,TS val 1290733075 ecr 1859899343,nop,nop,sack 2 {1941:3129}{17385:18573}], length 0
2024-01-20 15:20:13.869690	0	server-54-192-150-76.sin2.r.cloudfront.net.https	192.168.38.54.52142
2024-01-20 15:20:13.869690 IP server-54-192-150-76.sin2.r.cloudfront.net.https > 192.168.38.54.52142: Flags [.], ack 13821, win 1022, options [nop,nop,TS val 1290733075 ecr 1859899343,nop,nop,sack 2 {3129:4317}{17385:18573}], length 0
2024-01-20 15:20:13.869691	0	162.159.136.234.https	192.168.38.54.51733
2024-01-20 15:20:13.869691 IP 162.159.136.234.https > 192.168.38.54.51733: Flags [.], ack 1, win 8, options [nop,nop,TS val 2378082394 ecr 2816384122], length 0
2024-01-20 15:20:17.220559	0	192.168.38.54.52265	172.31.203.95.afs3-fileserver
2024-01-20 15:20:17.220559 IP 192.168.38.54.52265 > 172.31.203.95.afs3-fileserver: Flags [S], seq 2894742004, win 65535, options [mss 1460,nop,wscale 6,nop,nop,TS val 2897167905 ecr 0,sackOK,eol], length 0
2024-01-20 15:20:17.370125	0	server-54-192-150-76.sin2.r.cloudfront.net.https	192.168.38.54.52142
2024-01-20 15:20:17.370125 IP server-54-192-150-76.sin2.r.cloudfront.net.https > 192.168.38.54.52142: Flags [.], ack 1653222782, win 1020, options [nop,nop,TS val 1290736068 ecr 1859905572,nop,nop,sack 3 {39293:40481}{34541:35729}{24385:26761}], length 0
2024-01-20 15:20:17.370130	0	server-54-192-150-76.sin2.r.cloudfront.net.https	192.168.38.54.52142
2024-01-20 15:20:17.370130 IP server-54-192-150-76.sin2.r.cloudfront.net.https > 192.168.38.54.52142: Flags [.], ack 1, win 1020, options [nop,nop,TS val 1290736081 ecr 1859905572,nop,nop,sack 3 {42857:44045}{39293:40481}{34541:35729}], length 0
2024-01-20 15:20:17.370454	1188	192.168.38.54.52142	server-54-192-150-76.sin2.r.cloudfront.net.https
2024-01-20 15:20:17.370454 IP 192.168.38.54.52142 > server-54-192-150-76.sin2.r.cloudfront.net.https: Flags [.], seq 46421:47609, ack 0, win 65, options [nop,nop,TS val 1859906568 ecr 1290736068], length 1188
2024-01-20 15:20:17.370557	1188	192.168.38.54.52142	server-54-192-150-76.sin2.r.cloudfront.net.https
2024-01-20 15:20:17.370557 IP 192.168.38.54.52142 > server-54-192-150-76.sin2.r.cloudfront.net.https: Flags [.], seq 47609:48797, ack 0, win 65, options [nop,nop,TS val 1859906568 ecr 1290736081], length 1188
2024-01-20 15:20:17.370641	0	server-54-192-150-76.sin2.r.cloudfront.net.https	192.168.38.54.52142
2024-01-20 15:20:17.370641 IP server-54-192-150-76.sin2.r.cloudfront.net.https > 192.168.38.54.52142: Flags [.], ack 3001, win 1015, options [nop,nop,TS val 1290736194 ecr 1859905844,nop,nop,sack 3 {19633:20821}{42857:45233}{39293:40481}], length 0
2024-01-20 15:20:17.370643	0	server-54-192-150-76.sin2.r.cloudfront.net.https	192.168.38.54.52142
2024-01-20 15:20:17.370643 IP server-54-192-150-76.sin2.r.cloudfront.net.https > 192.168.38.54.52142: Flags [.], ack 3001, win 1015, options [nop,nop,TS val 1290736202 ecr 1859905844,nop,nop,sack 3 {19633:22009}{42857:45233}{39293:40481}], length 0
2024-01-20 15:20:17.370696	1188	192.168.38.54.52142	server-54-192-150-76.sin2.r.cloudfront.net.https
2024-01-20 15:20:17.370696 IP 192.168.38.54.52142 > server-54-192-150-76.sin2.r.cloudfront.net.https: Flags [.], seq 48797:49985, ack 0, win 65, options [nop,nop,TS val 1859906568 ecr 1290736194], length 1188
2024-01-20 15:20:17.370721	1188	192.168.38.54.52142	server-54-192-150-76.sin2.r.cloudfront.net.https
2024-01-20 15:20:17.370721 IP 192.168.38.54.52142 > server-54-192-150-76.sin2.r.cloudfront.net.https: Flags [.], seq 49985:51173, ack 0, win 65, options [nop,nop,TS val 1859906568 ecr 1290736194], length 1188
2024-01-20 15:20:17.370752	1188	192.168.38.54.52142	server-54-192-150-76.sin2.r.cloudfront.net.https
2024-01-20 15:20:17.370752 IP 192.168.38.54.52142 > server-54-192-150-76.sin2.r.cloudfront.net.https: Flags [.], seq 51173:52361, ack 0, win 65, options [nop,nop,TS val 1859906568 ecr 1290736202], length 1188
2024-01-20 15:20:17.376249	0	192.168.38.54.52212	20.189.172.33.https
2024-01-20 15:20:17.376249 IP 192.168.38.54.52212 > 20.189.172.33.https: Flags [.], ack 1280598628, win 2048, length 0
2024-01-20 15:20:17.379808	0	server-54-192-150-76.sin2.r.cloudfront.net.https	192.168.38.54.52142
2024-01-20 15:20:17.379808 IP server-54-192-150-76.sin2.r.cloudfront.net.https > 192.168.38.54.52142: Flags [.], ack 3001, win 1015, options [nop,nop,TS val 1290736302 ecr 1859905844,nop,nop,sack 3 {19633:22009}{42857:45233}{39293:40481}], length 0
2024-01-20 15:20:17.379813	0	server-54-192-150-76.sin2.r.cloudfront.net.https	192.168.38.54.52142
2024-01-20 15:20:17.379813 IP server-54-192-150-76.sin2.r.cloudfront.net.https > 192.168.38.54.52142: Flags [.], ack 3001, win 1015, options [nop,nop,TS val 1290736302 ecr 1859905844,nop,nop,sack 3 {37453:38105}{19633:22009}{42857:45233}], length 0
2024-01-20 15:20:17.379815	0	server-54-192-150-76.sin2.r.cloudfront.net.https	192.168.38.54.52142
2024-01-20 15:20:17.379815 IP server-54-192-150-76.sin2.r.cloudfront.net.https > 192.168.38.54.52142: Flags [.], ack 3001, win 1015, options [nop,nop,TS val 1290736302 ecr 1859905844,nop,nop,sack 3 {37453:38105}{19633:22009}{42857:45233}], length 0
2024-01-20 15:20:17.379817	0	server-54-192-150-76.sin2.r.cloudfront.net.https	192.168.38.54.52142
2024-01-20 15:20:17.379817 IP server-54-192-150-76.sin2.r.cloudfront.net.https > 192.168.38.54.52142: Flags [.], ack 3001, win 1015, options [nop,nop,TS val 1290736302 ecr 1859905844,nop,nop,sack 3 {39293:40481}{39293:40481}{37453:38105}], length 0
2024-01-20 15:20:17.379819	0	server-54-192-150-76.sin2.r.cloudfront.net.https	192.168.38.54.52142
2024-01-20 15:20:17.379819 IP server-54-192-150-76.sin2.r.cloudfront.net.https > 192.168.38.54.52142: Flags [.], ack 3001, win 1015, options [nop,nop,TS val 1290736337 ecr 1859905844,nop,nop,sack 3 {39293:40481}{37453:38105}{19633:22009}], length 0
2024-01-20 15:20:17.379821	0	server-54-192-150-76.sin2.r.cloudfront.net.https	192.168.38.54.52142
2024-01-20 15:20:17.379821 IP server-54-192-150-76.sin2.r.cloudfront.net.https > 192.168.38.54.52142: Flags [.], ack 3001, win 1015, options [nop,nop,TS val 1290736337 ecr 1859905844,nop,nop,sack 3 {39293:41669}{37453:38105}{19633:22009}], length 0
2024-01-20 15:20:17.379822	0	10.110.144.231.afs3-fileserver	192.168.38.54.52256
2024-01-20 15:20:17.379822 IP 10.110.144.231.afs3-fileserver > 192.168.38.54.52256: Flags [S.], seq 4068065898, ack 1992138522, win 65535, options [mss 1386,nop,wscale 6,nop,nop,TS val 2943357955 ecr 344067943,sackOK,eol], length 0
2024-01-20 15:20:17.379825	0	server-54-192-150-76.sin2.r.cloudfront.net.https	192.168.38.54.52142
2024-01-20 15:20:17.379825 IP server-54-192-150-76.sin2.r.cloudfront.net.https > 192.168.38.54.52142: Flags [.], ack 3001, win 1015, options [nop,nop,TS val 1290736412 ecr 1859905844,nop,nop,sack 3 {4294965545:4294966733}{39293:41669}{37453:38105}], length 0
2024-01-20 15:20:17.379827	0	server-54-192-150-76.sin2.r.cloudfront.net.https	192.168.38.54.52142
2024-01-20 15:20:17.379827 IP server-54-192-150-76.sin2.r.cloudfront.net.https > 192.168.38.54.52142: Flags [.], ack 3001, win 1015, options [nop,nop,TS val 1290736412 ecr 1859905844,nop,nop,sack 3 {39293:41669}{37453:38105}{19633:22009}], length 0
2024-01-20 15:20:17.379828	0	server-54-192-150-76.sin2.r.cloudfront.net.https	192.168.38.54.52142
2024-01-20 15:20:17.379828 IP server-54-192-150-76.sin2.r.cloudfront.net.https > 192.168.38.54.52142: Flags [.], ack 3001, win 1015, options [nop,nop,TS val 1290736593 ecr 1859905844,nop,nop,sack 3 {4294966733:625}{39293:41669}{37453:38105}], length 0
2024-01-20 15:20:17.379829	0	server-54-192-150-76.sin2.r.cloudfront.net.https	192.168.38.54.52142
2024-01-20 15:20:17.379829 IP server-54-192-150-76.sin2.r.cloudfront.net.https > 192.168.38.54.52142: Flags [.], ack 3001, win 1015, options [nop,nop,TS val 1290736593 ecr 1859905844,nop,nop,sack 3 {39293:41669}{37453:38105}{19633:22009}], length 0
2024-01-20 15:20:17.379831	0	server-54-192-150-76.sin2.r.cloudfront.net.https	192.168.38.54.52142
2024-01-20 15:20:17.379831 IP server-54-192-150-76.sin2.r.cloudfront.net.https > 192.168.38.54.52142: Flags [.], ack 3001, win 1015, options [nop,nop,TS val 1290736594 ecr 1859905844,nop,nop,sack 3 {39293:41669}{37453:38105}{19633:22009}], length 0
2024-01-20 15:20:17.379832	0	server-54-192-150-76.sin2.r.cloudfront.net.https	192.168.38.54.52142
2024-01-20 15:20:17.379832 IP server-54-192-150-76.sin2.r.cloudfront.net.https > 192.168.38.54.52142: Flags [.], ack 3001, win 1015, options [nop,nop,TS val 1290736601 ecr 1859905844,nop,nop,sack 3 {39293:41669}{37453:38105}{19633:22009}], length 0
2024-01-20 15:20:17.379833	0	server-54-192-150-76.sin2.r.cloudfront.net.https	192.168.38.54.52142
2024-01-20 15:20:17.379833 IP server-54-192-150-76.sin2.r.cloudfront.net.https > 192.168.38.54.52142: Flags [.], ack 3001, win 1015, options [nop,nop,TS val 1290736602 ecr 1859905844,nop,nop,sack 3 {39293:41669}{37453:38105}{19633:22009}], length 0
2024-01-20 15:20:17.379834	0	server-54-192-150-76.sin2.r.cloudfront.net.https	192.168.38.54.52142
2024-01-20 15:20:17.379834 IP server-54-192-150-76.sin2.r.cloudfront.net.https > 192.168.38.54.52142: Flags [.], ack 3001, win 1015, options [nop,nop,TS val 1290736602 ecr 1859905844,nop,nop,sack 3 {39293:41669}{37453:38105}{19633:22009}], length 0
2024-01-20 15:20:17.379835	0	server-54-192-150-76.sin2.r.cloudfront.net.https	192.168.38.54.52142
2024-01-20 15:20:17.379835 IP server-54-192-150-76.sin2.r.cloudfront.net.https > 192.168.38.54.52142: Flags [.], ack 3001, win 1015, options [nop,nop,TS val 1290736602 ecr 1859905844,nop,nop,sack 3 {39293:41669}{37453:38105}{19633:22009}], length 0
2024-01-20 15:20:17.380095	1188	192.168.38.54.52142	server-54-192-150-76.sin2.r.cloudfront.net.https
2024-01-20 15:20:17.380095 IP 192.168.38.54.52142 > server-54-192-150-76.sin2.r.cloudfront.net.https: Flags [.], seq 52361:53549, ack 0, win 65, options [nop,nop,TS val 1859906577 ecr 1290736302], length 1188
2024-01-20 15:20:17.380172	1188	192.168.38.54.52142	server-54-192-150-76.sin2.r.cloudfront.net.https
2024-01-20 15:20:17.380172 IP 192.168.38.54.52142 > server-54-192-150-76.sin2.r.cloudfront.net.https: Flags [.], seq 53549:54737, ack 0, win 65, options [nop,nop,TS val 1859906577 ecr 1290736337], length 1188
2024-01-20 15:20:17.383500	217	162.159.136.234.https	192.168.38.54.51733
2024-01-20 15:20:17.383500 IP 162.159.136.234.https > 192.168.38.54.51733: Flags [P.], seq 952906540:952906757, ack 3430430303, win 8, options [nop,nop,TS val 2378085955 ecr 2816385751], length 217
2024-01-20 15:20:17.383759	0	192.168.38.54.51733	162.159.136.234.https
2024-01-20 15:20:17.383759 IP 192.168.38.54.51733 > 162.159.136.234.https: Flags [.], ack 217, win 2048, options [nop,nop,TS val 2816388224 ecr 2378085955], length 0
2024-01-20 15:20:17.396603	0	server-54-192-150-76.sin2.r.cloudfront.net.https	192.168.38.54.52142
2024-01-20 15:20:17.396603 IP server-54-192-150-76.sin2.r.cloudfront.net.https > 192.168.38.54.52142: Flags [.], ack 3001, win 1015, options [nop,nop,TS val 1290736651 ecr 1859905844,nop,nop,sack 3 {39293:41669}{37453:38105}{19633:22009}], length 0
2024-01-20 15:20:17.396607	0	server-54-192-150-76.sin2.r.cloudfront.net.https	192.168.38.54.52142
2024-01-20 15:20:17.396607 IP server-54-192-150-76.sin2.r.cloudfront.net.https > 192.168.38.54.52142: Flags [.], ack 3001, win 1015, options [nop,nop,TS val 1290736651 ecr 1859905844,nop,nop,sack 3 {39293:41669}{37453:38105}{19633:22009}], length 0
2024-01-20 15:20:17.396609	0	server-54-192-150-76.sin2.r.cloudfront.net.https	192.168.38.54.52142
2024-01-20 15:20:17.396609 IP server-54-192-150-76.sin2.r.cloudfront.net.https > 192.168.38.54.52142: Flags [.], ack 3001, win 1015, options [nop,nop,TS val 1290736651 ecr 1859905844,nop,nop,sack 3 {46421:47609}{39293:41669}{37453:38105}], length 0
2024-01-20 15:20:17.397049	1188	192.168.38.54.52142	server-54-192-150-76.sin2.r.cloudfront.net.https
2024-01-20 15:20:17.397049 IP 192.168.38.54.52142 > server-54-192-150-76.sin2.r.cloudfront.net.https: Flags [.], seq 54737:55925, ack 0, win 65, options [nop,nop,TS val 1859906594 ecr 1290736651], length 1188
2024-01-20 15:20:17.405882	0	server-54-192-150-76.sin2.r.cloudfront.net.https	192.168.38.54.52142
2024-01-20 15:20:17.405882 IP server-54-192-150-76.sin2.r.cloudfront.net.https > 192.168.38.54.52142: Flags [.], ack 3001, win 1015, options [nop,nop,TS val 1290736660 ecr 1859905844,nop,nop,sack 3 {46421:47609}{39293:41669}{37453:38105}], length 0
2024-01-20 15:20:17.405886	0	server-54-192-150-76.sin2.r.cloudfront.net.https	192.168.38.54.52142
2024-01-20 15:20:17.405886 IP server-54-192-150-76.sin2.r.cloudfront.net.https > 192.168.38.54.52142: Flags [.], ack 3001, win 1015, options [nop,nop,TS val 1290736660 ecr 1859905844,nop,nop,sack 3 {53549:54737}{46421:47609}{39293:41669}], length 0
2024-01-20 15:20:17.406154	1188	192.168.38.54.52142	server-54-192-150-76.sin2.r.cloudfront.net.https
2024-01-20 15:20:17.406154 IP 192.168.38.54.52142 > server-54-192-150-76.sin2.r.cloudfront.net.https: Flags [.], seq 55925:57113, ack 0, win 65, options [nop,nop,TS val 1859906603 ecr 1290736660], length 1188
2024-01-20 15:20:17.422729	0	server-54-192-150-76.sin2.r.cloudfront.net.https	192.168.38.54.52142
2024-01-20 15:20:17.422729 IP server-54-192-150-76.sin2.r.cloudfront.net.https > 192.168.38.54.52142: Flags [.], ack 3001, win 1015, options [nop,nop,TS val 1290736679 ecr 1859905844,nop,nop,sack 3 {53549:54737}{46421:47609}{39293:41669}], length 0
2024-01-20 15:20:17.422734	0	server-54-192-150-76.sin2.r.cloudfront.net.https	192.168.38.54.52142
2024-01-20 15:20:17.422734 IP server-54-192-150-76.sin2.r.cloudfront.net.https > 192.168.38.54.52142: Flags [.], ack 3001, win 1015, options [nop,nop,TS val 1290736679 ecr 1859905844,nop,nop,sack 3 {55925:57113}{53549:54737}{46421:47609}], length 0
2024-01-20 15:20:17.423084	1188	192.168.38.54.52142	server-54-192-150-76.sin2.r.cloudfront.net.https
2024-01-20 15:20:17.423084 IP 192.168.38.54.52142 > server-54-192-150-76.sin2.r.cloudfront.net.https: Flags [.], seq 3001:4189, ack 0, win 65, options [nop,nop,TS val 1859906620 ecr 1290736679], length 1188
2024-01-20 15:20:17.423152	1188	192.168.38.54.52142	server-54-192-150-76.sin2.r.cloudfront.net.https
2024-01-20 15:20:17.423152 IP 192.168.38.54.52142 > server-54-192-150-76.sin2.r.cloudfront.net.https: Flags [.], seq 4189:5377, ack 0, win 65, options [nop,nop,TS val 1859906620 ecr 1290736679], length 1188
2024-01-20 15:20:17.423203	1188	192.168.38.54.52142	server-54-192-150-76.sin2.r.cloudfront.net.https
2024-01-20 15:20:17.423203 IP 192.168.38.54.52142 > server-54-192-150-76.sin2.r.cloudfront.net.https: Flags [.], seq 5377:6565, ack 0, win 65, options [nop,nop,TS val 1859906620 ecr 1290736679], length 1188
2024-01-20 15:20:17.423208	1188	192.168.38.54.52142	server-54-192-150-76.sin2.r.cloudfront.net.https
2024-01-20 15:20:17.423208 IP 192.168.38.54.52142 > server-54-192-150-76.sin2.r.cloudfront.net.https: Flags [.], seq 6565:7753, ack 0, win 65, options [nop,nop,TS val 1859906620 ecr 1290736679], length 1188
2024-01-20 15:20:17.423216	1188	192.168.38.54.52142	server-54-192-150-76.sin2.r.cloudfront.net.https
2024-01-20 15:20:17.423216 IP 192.168.38.54.52142 > server-54-192-150-76.sin2.r.cloudfront.net.https: Flags [.], seq 7753:8941, ack 0, win 65, options [nop,nop,TS val 1859906620 ecr 1290736679], length 1188
2024-01-20 15:20:17.423223	1188	192.168.38.54.52142	server-54-192-150-76.sin2.r.cloudfront.net.https
2024-01-20 15:20:17.423223 IP 192.168.38.54.52142 > server-54-192-150-76.sin2.r.cloudfront.net.https: Flags [.], seq 8941:10129, ack 0, win 65, options [nop,nop,TS val 1859906620 ecr 1290736679], length 1188
2024-01-20 15:20:17.423229	1188	192.168.38.54.52142	server-54-192-150-76.sin2.r.cloudfront.net.https
2024-01-20 15:20:17.423229 IP 192.168.38.54.52142 > server-54-192-150-76.sin2.r.cloudfront.net.https: Flags [.], seq 10129:11317, ack 0, win 65, options [nop,nop,TS val 1859906620 ecr 1290736679], length 1188
2024-01-20 15:20:17.423236	1188	192.168.38.54.52142	server-54-192-150-76.sin2.r.cloudfront.net.https
2024-01-20 15:20:17.423236 IP 192.168.38.54.52142 > server-54-192-150-76.sin2.r.cloudfront.net.https: Flags [.], seq 13693:14881, ack 0, win 65, options [nop,nop,TS val 1859906620 ecr 1290736679], length 1188
2024-01-20 15:20:17.423241	1188	192.168.38.54.52142	server-54-192-150-76.sin2.r.cloudfront.net.https
2024-01-20 15:20:17.423241 IP 192.168.38.54.52142 > server-54-192-150-76.sin2.r.cloudfront.net.https: Flags [.], seq 14881:16069, ack 0, win 65, options [nop,nop,TS val 1859906620 ecr 1290736679], length 1188
2024-01-20 15:20:17.423272	1188	192.168.38.54.52142	server-54-192-150-76.sin2.r.cloudfront.net.https
2024-01-20 15:20:17.423272 IP 192.168.38.54.52142 > server-54-192-150-76.sin2.r.cloudfront.net.https: Flags [.], seq 16069:17257, ack 0, win 65, options [nop,nop,TS val 1859906620 ecr 1290736679], length 1188
2024-01-20 15:20:17.423286	1188	192.168.38.54.52142	server-54-192-150-76.sin2.r.cloudfront.net.https
2024-01-20 15:20:17.423286 IP 192.168.38.54.52142 > server-54-192-150-76.sin2.r.cloudfront.net.https: Flags [.], seq 17257:18445, ack 0, win 65, options [nop,nop,TS val 1859906620 ecr 1290736679], length 1188
2024-01-20 15:20:17.423299	1188	192.168.38.54.52142	server-54-192-150-76.sin2.r.cloudfront.net.https
2024-01-20 15:20:17.423299 IP 192.168.38.54.52142 > server-54-192-150-76.sin2.r.cloudfront.net.https: Flags [.], seq 18445:19633, ack 0, win 65, options [nop,nop,TS val 1859906620 ecr 1290736679], length 1188
2024-01-20 15:20:17.423317	1188	192.168.38.54.52142	server-54-192-150-76.sin2.r.cloudfront.net.https
2024-01-20 15:20:17.423317 IP 192.168.38.54.52142 > server-54-192-150-76.sin2.r.cloudfront.net.https: Flags [.], seq 23197:24385, ack 0, win 65, options [nop,nop,TS val 1859906620 ecr 1290736679], length 1188
2024-01-20 15:20:17.423335	1188	192.168.38.54.52142	server-54-192-150-76.sin2.r.cloudfront.net.https
2024-01-20 15:20:17.423335 IP 192.168.38.54.52142 > server-54-192-150-76.sin2.r.cloudfront.net.https: Flags [.], seq 26761:27949, ack 0, win 65, options [nop,nop,TS val 1859906620 ecr 1290736679], length 1188
2024-01-20 15:20:17.423354	1188	192.168.38.54.52142	server-54-192-150-76.sin2.r.cloudfront.net.https
2024-01-20 15:20:17.423354 IP 192.168.38.54.52142 > server-54-192-150-76.sin2.r.cloudfront.net.https: Flags [.], seq 27949:29137, ack 0, win 65, options [nop,nop,TS val 1859906620 ecr 1290736679], length 1188
2024-01-20 15:20:17.423368	1188	192.168.38.54.52142	server-54-192-150-76.sin2.r.cloudfront.net.https
2024-01-20 15:20:17.423368 IP 192.168.38.54.52142 > server-54-192-150-76.sin2.r.cloudfront.net.https: Flags [.], seq 29137:30325, ack 0, win 65, options [nop,nop,TS val 1859906620 ecr 1290736679], length 1188
2024-01-20 15:20:17.423382	1188	192.168.38.54.52142	server-54-192-150-76.sin2.r.cloudfront.net.https
2024-01-20 15:20:17.423382 IP 192.168.38.54.52142 > server-54-192-150-76.sin2.r.cloudfront.net.https: Flags [.], seq 30325:31513, ack 0, win 65, options [nop,nop,TS val 1859906620 ecr 1290736679], length 1188
2024-01-20 15:20:17.423398	1188	192.168.38.54.52142	server-54-192-150-76.sin2.r.cloudfront.net.https
2024-01-20 15:20:17.423398 IP 192.168.38.54.52142 > server-54-192-150-76.sin2.r.cloudfront.net.https: Flags [.], seq 31513:32701, ack 0, win 65, options [nop,nop,TS val 1859906620 ecr 1290736679], length 1188
2024-01-20 15:20:17.423411	1188	192.168.38.54.52142	server-54-192-150-76.sin2.r.cloudfront.net.https
2024-01-20 15:20:17.423411 IP 192.168.38.54.52142 > server-54-192-150-76.sin2.r.cloudfront.net.https: Flags [.], seq 32701:33889, ack 0, win 65, options [nop,nop,TS val 1859906620 ecr 1290736679], length 1188
2024-01-20 15:20:17.423423	652	192.168.38.54.52142	server-54-192-150-76.sin2.r.cloudfront.net.https
2024-01-20 15:20:17.423423 IP 192.168.38.54.52142 > server-54-192-150-76.sin2.r.cloudfront.net.https: Flags [.], seq 33889:34541, ack 0, win 65, options [nop,nop,TS val 1859906620 ecr 1290736679], length 652
2024-01-20 15:20:17.423443	1188	192.168.38.54.52142	server-54-192-150-76.sin2.r.cloudfront.net.https
2024-01-20 15:20:17.423443 IP 192.168.38.54.52142 > server-54-192-150-76.sin2.r.cloudfront.net.https: Flags [.], seq 35729:36917, ack 0, win 65, options [nop,nop,TS val 1859906620 ecr 1290736679], length 1188
2024-01-20 15:20:17.423459	536	192.168.38.54.52142	server-54-192-150-76.sin2.r.cloudfront.net.https
2024-01-20 15:20:17.423459 IP 192.168.38.54.52142 > server-54-192-150-76.sin2.r.cloudfront.net.https: Flags [.], seq 36917:37453, ack 0, win 65, options [nop,nop,TS val 1859906620 ecr 1290736679], length 536
2024-01-20 15:20:17.423475	1188	192.168.38.54.52142	server-54-192-150-76.sin2.r.cloudfront.net.https
2024-01-20 15:20:17.423475 IP 192.168.38.54.52142 > server-54-192-150-76.sin2.r.cloudfront.net.https: Flags [.], seq 45233:46421, ack 0, win 65, options [nop,nop,TS val 1859906620 ecr 1290736679], length 1188
2024-01-20 15:20:17.423489	1188	192.168.38.54.52142	server-54-192-150-76.sin2.r.cloudfront.net.https
2024-01-20 15:20:17.423489 IP 192.168.38.54.52142 > server-54-192-150-76.sin2.r.cloudfront.net.https: Flags [.], seq 47609:48797, ack 0, win 65, options [nop,nop,TS val 1859906620 ecr 1290736679], length 1188
2024-01-20 15:20:17.423510	1188	192.168.38.54.52142	server-54-192-150-76.sin2.r.cloudfront.net.https
2024-01-20 15:20:17.423510 IP 192.168.38.54.52142 > server-54-192-150-76.sin2.r.cloudfront.net.https: Flags [.], seq 48797:49985, ack 0, win 65, options [nop,nop,TS val 1859906620 ecr 1290736679], length 1188
2024-01-20 15:20:17.423528	1188	192.168.38.54.52142	server-54-192-150-76.sin2.r.cloudfront.net.https
2024-01-20 15:20:17.423528 IP 192.168.38.54.52142 > server-54-192-150-76.sin2.r.cloudfront.net.https: Flags [.], seq 49985:51173, ack 0, win 65, options [nop,nop,TS val 1859906620 ecr 1290736679], length 1188
2024-01-20 15:20:17.423546	1188	192.168.38.54.52142	server-54-192-150-76.sin2.r.cloudfront.net.https
2024-01-20 15:20:17.423546 IP 192.168.38.54.52142 > server-54-192-150-76.sin2.r.cloudfront.net.https: Flags [.], seq 51173:52361, ack 0, win 65, options [nop,nop,TS val 1859906620 ecr 1290736679], length 1188
2024-01-20 15:20:17.423562	1188	192.168.38.54.52142	server-54-192-150-76.sin2.r.cloudfront.net.https
2024-01-20 15:20:17.423562 IP 192.168.38.54.52142 > server-54-192-150-76.sin2.r.cloudfront.net.https: Flags [.], seq 52361:53549, ack 0, win 65, options [nop,nop,TS val 1859906620 ecr 1290736679], length 1188
2024-01-20 15:20:17.423577	1188	192.168.38.54.52142	server-54-192-150-76.sin2.r.cloudfront.net.https
2024-01-20 15:20:17.423577 IP 192.168.38.54.52142 > server-54-192-150-76.sin2.r.cloudfront.net.https: Flags [.], seq 54737:55925, ack 0, win 65, options [nop,nop,TS val 1859906620 ecr 1290736679], length 1188
2024-01-20 15:20:17.423594	1188	192.168.38.54.52142	server-54-192-150-76.sin2.r.cloudfront.net.https
2024-01-20 15:20:17.423594 IP 192.168.38.54.52142 > server-54-192-150-76.sin2.r.cloudfront.net.https: Flags [.], seq 57113:58301, ack 0, win 65, options [nop,nop,TS val 1859906620 ecr 1290736679], length 1188
2024-01-20 15:20:17.440150	0	server-54-192-150-76.sin2.r.cloudfront.net.https	192.168.38.54.52142
2024-01-20 15:20:17.440150 IP server-54-192-150-76.sin2.r.cloudfront.net.https > 192.168.38.54.52142: Flags [.], ack 3001, win 1015, options [nop,nop,TS val 1290736696 ecr 1859905844,nop,nop,sack 3 {8941:10129}{8941:10129}{55925:57113}], length 0
2024-01-20 15:20:17.440153	0	server-54-192-150-76.sin2.r.cloudfront.net.https	192.168.38.54.52142
2024-01-20 15:20:17.440153 IP server-54-192-150-76.sin2.r.cloudfront.net.https > 192.168.38.54.52142: Flags [.], ack 3001, win 1015, options [nop,nop,TS val 1290736696 ecr 1859905844,nop,nop,sack 3 {29137:30325}{8941:10129}{55925:57113}], length 0
2024-01-20 15:20:17.440154	0	server-54-192-150-76.sin2.r.cloudfront.net.https	192.168.38.54.52142
2024-01-20 15:20:17.440154 IP server-54-192-150-76.sin2.r.cloudfront.net.https > 192.168.38.54.52142: Flags [.], ack 3001, win 1015, options [nop,nop,TS val 1290736696 ecr 1859905844,nop,nop,sack 3 {31513:32701}{29137:30325}{8941:10129}], length 0
2024-01-20 15:20:17.440381	1188	192.168.38.54.52142	server-54-192-150-76.sin2.r.cloudfront.net.https
2024-01-20 15:20:17.440381 IP 192.168.38.54.52142 > server-54-192-150-76.sin2.r.cloudfront.net.https: Flags [.], seq 58301:59489, ack 0, win 65, options [nop,nop,TS val 1859906638 ecr 1290736696], length 1188
2024-01-20 15:20:17.440440	736	192.168.38.54.52142	server-54-192-150-76.sin2.r.cloudfront.net.https
2024-01-20 15:20:17.440440 IP 192.168.38.54.52142 > server-54-192-150-76.sin2.r.cloudfront.net.https: Flags [P.], seq 59489:60225, ack 0, win 65, options [nop,nop,TS val 1859906638 ecr 1290736696], length 736
2024-01-20 15:20:17.503285	0	server-54-192-150-76.sin2.r.cloudfront.net.https	192.168.38.54.52142
2024-01-20 15:20:17.503285 IP server-54-192-150-76.sin2.r.cloudfront.net.https > 192.168.38.54.52142: Flags [.], ack 3001, win 1015, options [nop,nop,TS val 1290736704 ecr 1859905844,nop,nop,sack 3 {13693:14881}{31513:32701}{29137:30325}], length 0
2024-01-20 15:20:17.503287	0	server-54-192-150-76.sin2.r.cloudfront.net.https	192.168.38.54.52142
2024-01-20 15:20:17.503287 IP server-54-192-150-76.sin2.r.cloudfront.net.https > 192.168.38.54.52142: Flags [.], ack 3001, win 1015, options [nop,nop,TS val 1290736704 ecr 1859905844,nop,nop,sack 3 {47609:48797}{13693:14881}{31513:32701}], length 0
2024-01-20 15:20:17.503288	0	server-54-192-150-76.sin2.r.cloudfront.net.https	192.168.38.54.52142
2024-01-20 15:20:17.503288 IP server-54-192-150-76.sin2.r.cloudfront.net.https > 192.168.38.54.52142: Flags [.], ack 3001, win 1015, options [nop,nop,TS val 1290736707 ecr 1859905844,nop,nop,sack 3 {57113:58301}{47609:48797}{13693:14881}], length 0
2024-01-20 15:20:17.503288	0	server-54-192-150-76.sin2.r.cloudfront.net.https	192.168.38.54.52142
2024-01-20 15:20:17.503288 IP server-54-192-150-76.sin2.r.cloudfront.net.https > 192.168.38.54.52142: Flags [.], ack 3001, win 1015, options [nop,nop,TS val 1290736744 ecr 1859905844,nop,nop,sack 3 {23197:24385}{57113:58301}{47609:48797}], length 0
2024-01-20 15:20:17.505496	0	192.168.38.54.52271	172.31.49.118.afs3-fileserver
2024-01-20 15:20:17.505496 IP 192.168.38.54.52271 > 172.31.49.118.afs3-fileserver: Flags [S], seq 1695037160, win 65535, options [mss 1460,nop,wscale 6,nop,nop,TS val 2705378455 ecr 0,sackOK,eol], length 0
2024-01-20 15:20:17.580023	0	server-54-192-150-76.sin2.r.cloudfront.net.https	192.168.38.54.52142
2024-01-20 15:20:17.580023 IP server-54-192-150-76.sin2.r.cloudfront.net.https > 192.168.38.54.52142: Flags [.], ack 3001, win 1015, options [nop,nop,TS val 1290736780 ecr 1859905844,nop,nop,sack 3 {59489:60225}{26761:27949}{23197:24385}], length 0
2024-01-20 15:20:17.580030	0	20.189.172.33.https	192.168.38.54.52212
2024-01-20 15:20:17.580030 IP 20.189.172.33.https > 192.168.38.54.52212: Flags [.], ack 1, win 16381, options [nop,nop,TS val 255383335 ecr 2233350035], length 0
2024-01-20 15:20:17.580032	0	server-54-192-150-76.sin2.r.cloudfront.net.https	192.168.38.54.52142
2024-01-20 15:20:17.580032 IP server-54-192-150-76.sin2.r.cloudfront.net.https > 192.168.38.54.52142: Flags [.], ack 3001, win 1015, options [nop,nop,TS val 1290736780 ecr 1859905844,nop,nop,sack 3 {26761:27949}{23197:24385}{57113:58301}], length 0
2024-01-20 15:20:17.910704	0	server-54-192-150-76.sin2.r.cloudfront.net.https	192.168.38.54.52142
2024-01-20 15:20:17.910704 IP server-54-192-150-76.sin2.r.cloudfront.net.https > 192.168.38.54.52142: Flags [.], ack 3001, win 1015, options [nop,nop,TS val 1290737150 ecr 1859905844,nop,nop,sack 3 {59489:60225}{26761:27949}{23197:24385}], length 0
2024-01-20 15:20:17.910711	0	server-54-192-150-76.sin2.r.cloudfront.net.https	192.168.38.54.52142
2024-01-20 15:20:17.910711 IP server-54-192-150-76.sin2.r.cloudfront.net.https > 192.168.38.54.52142: Flags [.], ack 3001, win 1015, options [nop,nop,TS val 1290737150 ecr 1859905844,nop,nop,sack 3 {4189:5377}{4189:5377}{59489:60225}], length 0
2024-01-20 15:20:18.031258	0	server-54-192-150-76.sin2.r.cloudfront.net.https	192.168.38.54.52142
2024-01-20 15:20:18.031258 IP server-54-192-150-76.sin2.r.cloudfront.net.https > 192.168.38.54.52142: Flags [.], ack 3001, win 1015, options [nop,nop,TS val 1290737266 ecr 1859905844,nop,nop,sack 3 {5377:6565}{4189:6565}{59489:60225}], length 0
2024-01-20 15:20:18.035803	0	192.168.38.54.52263	172.31.7.190.afs3-fileserver
2024-01-20 15:20:18.035803 IP 192.168.38.54.52263 > 172.31.7.190.afs3-fileserver: Flags [S], seq 1522648730, win 65535, options [mss 1460,nop,wscale 6,nop,nop,TS val 797719109 ecr 0,sackOK,eol], length 0
2024-01-20 15:20:18.154714	0	server-54-192-150-76.sin2.r.cloudfront.net.https	192.168.38.54.52142
2024-01-20 15:20:18.154714 IP server-54-192-150-76.sin2.r.cloudfront.net.https > 192.168.38.54.52142: Flags [.], ack 3001, win 1015, options [nop,nop,TS val 1290737373 ecr 1859905844,nop,nop,sack 3 {4189:7753}{59489:60225}{26761:27949}], length 0
2024-01-20 15:20:18.190202	0	192.168.38.54.52274	172.31.88.152.afs3-fileserver
2024-01-20 15:20:18.190202 IP 192.168.38.54.52274 > 172.31.88.152.afs3-fileserver: Flags [S], seq 2096081556, win 65535, options [mss 1460,nop,wscale 6,nop,nop,TS val 594275677 ecr 0,sackOK,eol], length 0
2024-01-20 15:20:18.241531	0	server-54-192-150-76.sin2.r.cloudfront.net.https	192.168.38.54.52142
2024-01-20 15:20:18.241531 IP server-54-192-150-76.sin2.r.cloudfront.net.https > 192.168.38.54.52142: Flags [.], ack 3001, win 1015, options [nop,nop,TS val 1290737491 ecr 1859905844,nop,nop,sack 3 {10129:11317}{4189:7753}{59489:60225}], length 0
2024-01-20 15:20:18.317684	0	server-54-192-150-76.sin2.r.cloudfront.net.https	192.168.38.54.52142
2024-01-20 15:20:18.317684 IP server-54-192-150-76.sin2.r.cloudfront.net.https > 192.168.38.54.52142: Flags [.], ack 3001, win 1015, options [nop,nop,TS val 1290737502 ecr 1859905844,nop,nop,sack 3 {13693:14881}{13693:14881}{10129:11317}], length 0
2024-01-20 15:20:18.317690	0	server-54-192-150-76.sin2.r.cloudfront.net.https	192.168.38.54.52142
2024-01-20 15:20:18.317690 IP server-54-192-150-76.sin2.r.cloudfront.net.https > 192.168.38.54.52142: Flags [.], ack 3001, win 1015, options [nop,nop,TS val 1290737510 ecr 1859905844,nop,nop,sack 3 {13693:16069}{10129:11317}{4189:7753}], length 0
2024-01-20 15:20:18.397111	0	server-54-192-150-76.sin2.r.cloudfront.net.https	192.168.38.54.52142
2024-01-20 15:20:18.397111 IP server-54-192-150-76.sin2.r.cloudfront.net.https > 192.168.38.54.52142: Flags [.], ack 3001, win 1015, options [nop,nop,TS val 1290737618 ecr 1859905844,nop,nop,sack 3 {13693:17257}{10129:11317}{4189:7753}], length 0
2024-01-20 15:20:18.397117	0	server-54-192-150-76.sin2.r.cloudfront.net.https	192.168.38.54.52142
2024-01-20 15:20:18.397117 IP server-54-192-150-76.sin2.r.cloudfront.net.https > 192.168.38.54.52142: Flags [.], ack 3001, win 1015, options [nop,nop,TS val 1290737646 ecr 1859905844,nop,nop,sack 3 {26761:27949}{23197:24385}{13693:17257}], length 0
2024-01-20 15:20:18.470493	0	10.110.222.155.afs3-fileserver	192.168.38.54.52252
2024-01-20 15:20:18.470493 IP 10.110.222.155.afs3-fileserver > 192.168.38.54.52252: Flags [S.], seq 3547330134, ack 2690531441, win 65535, options [mss 1386,nop,wscale 6,nop,nop,TS val 2019234612 ecr 287215441,sackOK,eol], length 0
2024-01-20 15:20:18.470557	0	server-54-192-150-76.sin2.r.cloudfront.net.https	192.168.38.54.52142
2024-01-20 15:20:18.470557 IP server-54-192-150-76.sin2.r.cloudfront.net.https > 192.168.38.54.52142: Flags [.], ack 3001, win 1015, options [nop,nop,TS val 1290737717 ecr 1859905844,nop,nop,sack 3 {26761:29137}{23197:24385}{13693:17257}], length 0
2024-01-20 15:20:18.477727	1374	35.186.224.39.https	192.168.38.54.49494
2024-01-20 15:20:18.477727 IP 35.186.224.39.https > 192.168.38.54.49494: Flags [P.], seq 3999919047:3999920421, ack 3708309130, win 267, options [nop,nop,TS val 711260324 ecr 94132362], length 1374
2024-01-20 15:20:18.477734	1226	35.186.224.39.https	192.168.38.54.49494
2024-01-20 15:20:18.477734 IP 35.186.224.39.https > 192.168.38.54.49494: Flags [P.], seq 1374:2600, ack 1, win 267, options [nop,nop,TS val 711260325 ecr 94132362], length 1226
